<?xml version="1.0" encoding="UTF-8"?>
<!-- Generated by org.testng.reporters.JUnitReportReporter -->
<testsuite skipped="0" hostname="DESKTOP-QHJCD6D" name="VerifyContactUs" tests="1" failures="0" timestamp="02 Nov 2017 17:53:11 GMT" time="88.775" errors="0">
  <testcase name="contactusverification" time="88.775" classname="VerifyContactUs"/>
</testsuite> <!-- VerifyContactUs -->
