<?xml version="1.0" encoding="UTF-8"?>
<!-- Generated by org.testng.reporters.JUnitReportReporter -->
<testsuite skipped="0" hostname="DESKTOP-QHJCD6D" name="VerityLogin" tests="1" failures="0" timestamp="03 Nov 2017 05:11:29 GMT" time="24.264" errors="0">
  <testcase name="loginverificationforEnrollment" time="24.264" classname="VerityLogin"/>
</testsuite> <!-- VerityLogin -->
