<?xml version="1.0" encoding="UTF-8"?>
<!-- Generated by org.testng.reporters.JUnitReportReporter -->
<testsuite skipped="0" hostname="DESKTOP-QHJCD6D" name="verifySearch" tests="1" failures="0" timestamp="30 Oct 2017 20:27:33 GMT" time="26.730" errors="0">
  <testcase name="serachVerification" time="26.730" classname="verifySearch"/>
</testsuite> <!-- verifySearch -->
