<?xml version="1.0" encoding="UTF-8"?>
<!-- Generated by org.testng.reporters.JUnitReportReporter -->
<testsuite skipped="0" hostname="DESKTOP-QHJCD6D" name="VerifylinksforHowWeareDifferent" tests="6" failures="0" timestamp="01 Nov 2017 18:08:54 GMT" time="418.016" errors="0">
  <testcase name="checkStVincentMedicalGroupPage" time="56.900" classname="VerifylinksforHowWeareDifferent"/>
  <testcase name="checkInYourCommunityPage" time="79.004" classname="VerifylinksforHowWeareDifferent"/>
  <testcase name="checkOurQualityDoctorsPage" time="67.927" classname="VerifylinksforHowWeareDifferent"/>
  <testcase name="checkAwardsRecognitionPage" time="85.991" classname="VerifylinksforHowWeareDifferent"/>
  <testcase name="checkStVincentCentersofExcellencePage" time="55.283" classname="VerifylinksforHowWeareDifferent"/>
  <testcase name="checkPastoralCarePage" time="72.911" classname="VerifylinksforHowWeareDifferent"/>
</testsuite> <!-- VerifylinksforHowWeareDifferent -->
